<?xml version="1.0" encoding="UTF-8"?>
<testng-results skipped="0" failed="0" ignored="0" total="1" passed="1">
  <reporter-output>
  </reporter-output>
  <suite name="Default suite" duration-ms="2249" started-at="2019-05-07T06:58:47Z" finished-at="2019-05-07T06:58:49Z">
    <groups>
    </groups>
    <test name="Default test" duration-ms="2249" started-at="2019-05-07T06:58:47Z" finished-at="2019-05-07T06:58:49Z">
      <class name="executeMySQL.DataValidate">
        <test-method status="PASS" signature="email_validate_with_MySQL()[pri:0, instance:executeMySQL.DataValidate@6cc4c815]" name="email_validate_with_MySQL" duration-ms="2179" started-at="2019-05-07T06:58:47Z" finished-at="2019-05-07T06:58:49Z">
          <reporter-output>
          </reporter-output>
        </test-method> <!-- email_validate_with_MySQL -->
      </class> <!-- executeMySQL.DataValidate -->
    </test> <!-- Default test -->
  </suite> <!-- Default suite -->
</testng-results>
